<?xml version="1.0" encoding="UTF-8"?>
<!-- Generated by org.testng.reporters.JUnitXMLReporter -->
<testsuite ignored="0" hostname="Anuja" failures="0" tests="4" name="Default test" time="21.544" errors="0" timestamp="2022-02-15T00:45:33 CET">
  <testcase classname="assignment_Task3.amazonUS" name="searchShoe" time="4.181"/>
  <testcase classname="assignment_Task3.amazonUS" name="verifySelectedShoePage" time="0.014"/>
  <testcase classname="assignment_Task3.amazonUS" name="selectShoe" time="5.035"/>
  <testcase classname="assignment_Task3.amazonUS" name="verifyShoeSelection" time="0.009"/>
</testsuite> <!-- Default test -->
