<?xml version="1.0" encoding="UTF-8"?>
<testng-results ignored="0" total="4" passed="4" failed="0" skipped="0">
  <reporter-output>
  </reporter-output>
  <suite started-at="2022-02-15T00:45:11 CET" name="Default suite" finished-at="2022-02-15T00:45:33 CET" duration-ms="21544">
    <groups>
    </groups>
    <test started-at="2022-02-15T00:45:11 CET" name="Default test" finished-at="2022-02-15T00:45:33 CET" duration-ms="21544">
      <class name="assignment_Task3.amazonUS">
        <test-method is-config="true" signature="launchAmazonUSPage()[pri:0, instance:assignment_Task3.amazonUS@7880cdf3]" started-at="2022-02-15T00:45:11 CET" name="launchAmazonUSPage" finished-at="2022-02-15T00:45:21 CET" duration-ms="9576" status="PASS">
          <reporter-output>
          </reporter-output>
        </test-method> <!-- launchAmazonUSPage -->
        <test-method signature="searchShoe()[pri:1, instance:assignment_Task3.amazonUS@7880cdf3]" started-at="2022-02-15T00:45:21 CET" name="searchShoe" finished-at="2022-02-15T00:45:25 CET" duration-ms="4181" status="PASS">
          <reporter-output>
          </reporter-output>
        </test-method> <!-- searchShoe -->
        <test-method signature="verifySelectedShoePage()[pri:2, instance:assignment_Task3.amazonUS@7880cdf3]" started-at="2022-02-15T00:45:25 CET" name="verifySelectedShoePage" finished-at="2022-02-15T00:45:25 CET" duration-ms="14" status="PASS">
          <reporter-output>
          </reporter-output>
        </test-method> <!-- verifySelectedShoePage -->
        <test-method signature="selectShoe()[pri:3, instance:assignment_Task3.amazonUS@7880cdf3]" started-at="2022-02-15T00:45:25 CET" name="selectShoe" finished-at="2022-02-15T00:45:30 CET" duration-ms="5035" status="PASS">
          <reporter-output>
          </reporter-output>
        </test-method> <!-- selectShoe -->
        <test-method signature="verifyShoeSelection()[pri:4, instance:assignment_Task3.amazonUS@7880cdf3]" started-at="2022-02-15T00:45:30 CET" name="verifyShoeSelection" finished-at="2022-02-15T00:45:30 CET" duration-ms="9" status="PASS">
          <reporter-output>
          </reporter-output>
        </test-method> <!-- verifyShoeSelection -->
        <test-method is-config="true" signature="TearDown()[pri:0, instance:assignment_Task3.amazonUS@7880cdf3]" started-at="2022-02-15T00:45:30 CET" name="TearDown" finished-at="2022-02-15T00:45:33 CET" duration-ms="2662" status="PASS">
          <reporter-output>
          </reporter-output>
        </test-method> <!-- TearDown -->
      </class> <!-- assignment_Task3.amazonUS -->
    </test> <!-- Default test -->
  </suite> <!-- Default suite -->
</testng-results>
